<?xml version="1.0" encoding="UTF-8"?>
<!-- Generated by org.testng.reporters.JUnitReportReporter -->
<testsuite skipped="0" hostname="GH-CZQVD63" name="com.api.tests.GetUserListTest" tests="3" failures="0" timestamp="2021-04-19T11:35:37 IST" time="1.623" errors="0">
  <testcase name="verifyGetSingleUser" time="0.333" classname="com.api.tests.GetUserListTest"/>
  <system-out/>
  <testcase name="verifyGetSingleUserNotFound" time="0.333" classname="com.api.tests.GetUserListTest"/>
  <system-out/>
  <testcase name="verifyGetUserList" time="0.957" classname="com.api.tests.GetUserListTest"/>
  <system-out/>
</testsuite> <!-- com.api.tests.GetUserListTest -->
