<?xml version="1.0" encoding="UTF-8"?>
<!-- Generated by org.testng.reporters.JUnitReportReporter -->
<testsuite skipped="0" hostname="GH-CZQVD63" name="com.api.tests.RegistrationTest" tests="4" failures="0" timestamp="2021-04-19T11:35:37 IST" time="26.118" errors="0">
  <testcase name="registrationWithInvalidEmail" time="0.846" classname="com.api.tests.RegistrationTest"/>
  <system-out/>
  <testcase name="registrationWithMissingEmailAndPassword" time="0.799" classname="com.api.tests.RegistrationTest"/>
  <system-out/>
  <testcase name="registration" time="23.659" classname="com.api.tests.RegistrationTest"/>
  <system-out/>
  <testcase name="registrationWithMissingPassword" time="0.814" classname="com.api.tests.RegistrationTest"/>
  <system-out/>
</testsuite> <!-- com.api.tests.RegistrationTest -->
